[0705/170242.174:ERROR:process_reader_win.cc(242)] ReadMemory at 0x7ff80d040000 of 56 bytes failed: Only part of a ReadProcessMemory or WriteProcessMemory request was completed. (0x12B)
[0705/170242.205:WARNING:pe_image_reader.cc(100)] could not read crashpad info from C:\Program Files (x86)\Google\Chrome\Application\67.0.3396.99\chrome_child.dll
[0705/170242.205:ERROR:process_reader_win.cc(242)] ReadMemory at 0x7ff836d80000 of 64 bytes failed: Only part of a ReadProcessMemory or WriteProcessMemory request was completed. (0x12B)
[0705/170242.205:WARNING:pe_image_reader.cc(302)] could not read dos header from C:\Windows\system32\COMDLG32.dll
[0705/170242.205:ERROR:process_reader_win.cc(242)] ReadMemory at 0x7ff836c40000 of 64 bytes failed: Only part of a ReadProcessMemory or WriteProcessMemory request was completed. (0x12B)
[0705/170242.206:WARNING:pe_image_reader.cc(302)] could not read dos header from C:\Windows\system32\OLEAUT32.dll
[0705/170242.206:ERROR:process_reader_win.cc(242)] ReadMemory at 0x7ff836d20000 of 64 bytes failed: Only part of a ReadProcessMemory or WriteProcessMemory request was completed. (0x12B)
[0705/170242.206:WARNING:pe_image_reader.cc(302)] could not read dos header from C:\Windows\system32\WS2_32.dll
[0705/170242.206:ERROR:process_reader_win.cc(242)] ReadMemory at 0x7ff837720000 of 64 bytes failed: Only part of a ReadProcessMemory or WriteProcessMemory request was completed. (0x12B)
[0705/170242.206:WARNING:pe_image_reader.cc(302)] could not read dos header from C:\Windows\system32\ole32.dll
[0705/170242.206:ERROR:process_reader_win.cc(242)] ReadMemory at 0x7ff82cb60000 of 64 bytes failed: Only part of a ReadProcessMemory or WriteProcessMemory request was completed. (0x12B)
[0705/170242.206:WARNING:pe_image_reader.cc(302)] could not read dos header from C:\Windows\SYSTEM32\Secur32.dll
[0705/170242.206:ERROR:process_reader_win.cc(242)] ReadMemory at 0x7ff834cb0000 of 64 bytes failed: Only part of a ReadProcessMemory or WriteProcessMemory request was completed. (0x12B)
[0705/170242.206:WARNING:pe_image_reader.cc(302)] could not read dos header from C:\Windows\system32\WINTRUST.dll
[0705/170242.206:ERROR:process_reader_win.cc(242)] ReadMemory at 0x7ff832390000 of 64 bytes failed: Only part of a ReadProcessMemory or WriteProcessMemory request was completed. (0x12B)
[0705/170242.206:WARNING:pe_image_reader.cc(302)] could not read dos header from C:\Windows\SYSTEM32\dbghelp.dll
[0705/170242.206:ERROR:process_reader_win.cc(242)] ReadMemory at 0x7ff831b00000 of 64 bytes failed: Only part of a ReadProcessMemory or WriteProcessMemory request was completed. (0x12B)
[0705/170242.206:WARNING:pe_image_reader.cc(302)] could not read dos header from C:\Windows\SYSTEM32\USP10.dll
[0705/170242.206:ERROR:process_reader_win.cc(242)] ReadMemory at 0x7ff828070000 of 64 bytes failed: Only part of a ReadProcessMemory or WriteProcessMemory request was completed. (0x12B)
[0705/170242.206:WARNING:pe_image_reader.cc(302)] could not read dos header from C:\Windows\SYSTEM32\WINSPOOL.DRV
[0705/170242.206:ERROR:process_reader_win.cc(242)] ReadMemory at 0x7ff834d10000 of 64 bytes failed: Only part of a ReadProcessMemory or WriteProcessMemory request was completed. (0x12B)
[0705/170242.206:WARNING:pe_image_reader.cc(302)] could not read dos header from C:\Windows\system32\CRYPT32.dll
[0705/170242.206:ERROR:process_reader_win.cc(242)] ReadMemory at 0x7ff830860000 of 64 bytes failed: Only part of a ReadProcessMemory or WriteProcessMemory request was completed. (0x12B)
[0705/170242.206:WARNING:pe_image_reader.cc(302)] could not read dos header from C:\Windows\SYSTEM32\IPHLPAPI.DLL
[0705/170242.206:ERROR:process_reader_win.cc(242)] ReadMemory at 0x7ff82d170000 of 64 bytes failed: Only part of a ReadProcessMemory or WriteProcessMemory request was completed. (0x12B)
[0705/170242.206:WARNING:pe_image_reader.cc(302)] could not read dos header from C:\Windows\SYSTEM32\urlmon.dll
[0705/170242.206:ERROR:process_reader_win.cc(242)] ReadMemory at 0x7ff831820000 of 64 bytes failed: Only part of a ReadProcessMemory or WriteProcessMemory request was completed. (0x12B)
[0705/170242.206:WARNING:pe_image_reader.cc(302)] could not read dos header from C:\Windows\SYSTEM32\DWrite.dll
[0705/170242.206:ERROR:process_reader_win.cc(242)] ReadMemory at 0x7ff832520000 of 64 bytes failed: Only part of a ReadProcessMemory or WriteProcessMemory request was completed. (0x12B)
[0705/170242.206:WARNING:pe_image_reader.cc(302)] could not read dos header from C:\Windows\SYSTEM32\dxgi.dll
[0705/170242.206:ERROR:process_reader_win.cc(242)] ReadMemory at 0x7ff82f040000 of 64 bytes failed: Only part of a ReadProcessMemory or WriteProcessMemory request was completed. (0x12B)
[0705/170242.206:WARNING:pe_image_reader.cc(302)] could not read dos header from C:\Windows\SYSTEM32\dhcpcsvc.DLL
[0705/170242.207:ERROR:process_reader_win.cc(242)] ReadMemory at 0x7ff831190000 of 64 bytes failed: Only part of a ReadProcessMemory or WriteProcessMemory request was completed. (0x12B)
[0705/170242.207:WARNING:pe_image_reader.cc(302)] could not read dos header from C:\Windows\WinSxS\amd64_microsoft.windows.common-controls_6595b64144ccf1df_6.0.9600.18006_none_623f33d3ecbe86e8\COMCTL32.dll
[0705/170242.207:ERROR:process_reader_win.cc(242)] ReadMemory at 0x7ff837940000 of 64 bytes failed: Only part of a ReadProcessMemory or WriteProcessMemory request was completed. (0x12B)
[0705/170242.207:WARNING:pe_image_reader.cc(302)] could not read dos header from C:\Windows\system32\NSI.dll
[0705/170242.207:ERROR:process_reader_win.cc(242)] ReadMemory at 0x7ff834be0000 of 64 bytes failed: Only part of a ReadProcessMemory or WriteProcessMemory request was completed. (0x12B)
[0705/170242.207:WARNING:pe_image_reader.cc(302)] could not read dos header from C:\Windows\system32\MSASN1.dll
[0705/170242.207:ERROR:process_reader_win.cc(242)] ReadMemory at 0x7ff830850000 of 64 bytes failed: Only part of a ReadProcessMemory or WriteProcessMemory request was completed. (0x12B)
[0705/170242.207:WARNING:pe_image_reader.cc(302)] could not read dos header from C:\Windows\SYSTEM32\WINNSI.DLL
[0705/170242.207:ERROR:process_reader_win.cc(242)] ReadMemory at 0x7ff82cea0000 of 64 bytes failed: Only part of a ReadProcessMemory or WriteProcessMemory request was completed. (0x12B)
[0705/170242.207:WARNING:pe_image_reader.cc(302)] could not read dos header from C:\Windows\SYSTEM32\iertutil.dll
[0705/170242.207:ERROR:process_reader_win.cc(242)] ReadMemory at 0x7ff82cb70000 of 64 bytes failed: Only part of a ReadProcessMemory or WriteProcessMemory request was completed. (0x12B)
[0705/170242.207:WARNING:pe_image_reader.cc(302)] could not read dos header from C:\Windows\SYSTEM32\WININET.dll
[0705/170243.877:ERROR:process_reader_win.cc(242)] ReadMemory at 0x4e929cc000 of 81920 bytes failed: Only part of a ReadProcessMemory or WriteProcessMemory request was completed. (0x12B)
[0705/170243.877:ERROR:crash_report_exception_handler.cc(111)] WriteEverything failed
[0705/170243.879:ERROR:filesystem_win.cc(148)] DeleteFile C:\Users\student\AppData\Local\Google\Chrome\User Data\Crashpad\reports\7a78fbcc-cb52-459c-b98b-c8316197fd67.dmp: The process cannot access the file because it is being used by another process. (0x20)
[0705/170243.881:ERROR:scoped_process_suspend.cc(40)] NtResumeProcess: An attempt was made to access an exiting process. (0xc000010a)
